mode: atomic
github.com/FalcoSuessgott/mkdgo/main.go:12.13,14.38 2 0
github.com/FalcoSuessgott/mkdgo/main.go:14.38,18.3 2 0
github.com/FalcoSuessgott/mkdgo/pkg/parser/parser.go:15.41,23.21 5 0
github.com/FalcoSuessgott/mkdgo/pkg/parser/parser.go:23.21,24.37 1 0
github.com/FalcoSuessgott/mkdgo/pkg/parser/parser.go:24.37,31.18 5 0
github.com/FalcoSuessgott/mkdgo/pkg/parser/parser.go:31.18,33.5 1 0
github.com/FalcoSuessgott/mkdgo/pkg/parser/parser.go:35.4,36.32 2 0
github.com/FalcoSuessgott/mkdgo/pkg/parser/parser.go:37.9,40.4 2 0
github.com/FalcoSuessgott/mkdgo/pkg/parser/parser.go:42.3,42.7 1 0
github.com/FalcoSuessgott/mkdgo/pkg/parser/parser.go:45.2,45.32 1 0
github.com/FalcoSuessgott/mkdgo/pkg/parser/parser.go:48.40,50.2 1 0
github.com/FalcoSuessgott/mkdgo/pkg/template/template.go:15.44,17.17 2 0
github.com/FalcoSuessgott/mkdgo/pkg/template/template.go:17.17,19.4 1 0
github.com/FalcoSuessgott/mkdgo/pkg/template/template.go:21.3,22.17 2 0
github.com/FalcoSuessgott/mkdgo/pkg/template/template.go:22.17,24.4 1 0
github.com/FalcoSuessgott/mkdgo/pkg/template/template.go:26.3,26.24 1 0
github.com/FalcoSuessgott/mkdgo/pkg/template/template.go:28.47,32.17 3 0
github.com/FalcoSuessgott/mkdgo/pkg/template/template.go:32.17,34.4 1 0
github.com/FalcoSuessgott/mkdgo/pkg/template/template.go:36.3,36.26 1 0
github.com/FalcoSuessgott/mkdgo/pkg/template/template.go:38.48,40.3 1 0
github.com/FalcoSuessgott/mkdgo/pkg/template/template.go:44.51,51.16 3 0
github.com/FalcoSuessgott/mkdgo/pkg/template/template.go:51.16,53.3 1 0
github.com/FalcoSuessgott/mkdgo/pkg/template/template.go:55.2,55.47 1 0
github.com/FalcoSuessgott/mkdgo/pkg/template/template.go:55.47,57.3 1 0
github.com/FalcoSuessgott/mkdgo/pkg/template/template.go:59.2,59.17 1 0
github.com/FalcoSuessgott/mkdgo/cmd/mdtmpl.go:29.29,34.2 1 0
github.com/FalcoSuessgott/mkdgo/cmd/mdtmpl.go:36.34,39.83 2 0
github.com/FalcoSuessgott/mkdgo/cmd/mdtmpl.go:39.83,41.3 1 0
github.com/FalcoSuessgott/mkdgo/cmd/mdtmpl.go:43.2,48.55 1 0
github.com/FalcoSuessgott/mkdgo/cmd/mdtmpl.go:48.55,49.17 1 0
github.com/FalcoSuessgott/mkdgo/cmd/mdtmpl.go:49.17,53.5 2 0
github.com/FalcoSuessgott/mkdgo/cmd/mdtmpl.go:55.4,56.18 2 0
github.com/FalcoSuessgott/mkdgo/cmd/mdtmpl.go:56.18,58.5 1 0
github.com/FalcoSuessgott/mkdgo/cmd/mdtmpl.go:60.4,60.17 1 0
github.com/FalcoSuessgott/mkdgo/cmd/mdtmpl.go:60.17,62.5 1 0
github.com/FalcoSuessgott/mkdgo/cmd/mdtmpl.go:64.4,65.18 2 0
github.com/FalcoSuessgott/mkdgo/cmd/mdtmpl.go:65.18,67.5 1 0
github.com/FalcoSuessgott/mkdgo/cmd/mdtmpl.go:69.4,69.16 1 0
github.com/FalcoSuessgott/mkdgo/cmd/mdtmpl.go:69.16,73.5 2 0
github.com/FalcoSuessgott/mkdgo/cmd/mdtmpl.go:75.4,75.63 1 0
github.com/FalcoSuessgott/mkdgo/cmd/mdtmpl.go:75.63,77.5 1 0
github.com/FalcoSuessgott/mkdgo/cmd/mdtmpl.go:80.4,80.65 1 0
github.com/FalcoSuessgott/mkdgo/cmd/mdtmpl.go:80.65,82.5 1 0
github.com/FalcoSuessgott/mkdgo/cmd/mdtmpl.go:84.4,84.14 1 0
github.com/FalcoSuessgott/mkdgo/cmd/mdtmpl.go:88.2,94.12 6 0
github.com/FalcoSuessgott/mkdgo/cmd/mdtmpl.go:97.22,98.47 1 0
github.com/FalcoSuessgott/mkdgo/cmd/mdtmpl.go:98.47,100.3 1 0
github.com/FalcoSuessgott/mkdgo/cmd/mdtmpl.go:102.2,102.12 1 0
github.com/FalcoSuessgott/mkdgo/pkg/parser/parser.go:15.41,23.21 5 3
github.com/FalcoSuessgott/mkdgo/pkg/parser/parser.go:23.21,24.37 1 3
github.com/FalcoSuessgott/mkdgo/pkg/parser/parser.go:24.37,31.18 5 3
github.com/FalcoSuessgott/mkdgo/pkg/parser/parser.go:31.18,33.5 1 0
github.com/FalcoSuessgott/mkdgo/pkg/parser/parser.go:35.4,36.32 2 3
github.com/FalcoSuessgott/mkdgo/pkg/parser/parser.go:37.9,40.4 2 0
github.com/FalcoSuessgott/mkdgo/pkg/parser/parser.go:42.3,42.7 1 3
github.com/FalcoSuessgott/mkdgo/pkg/parser/parser.go:45.2,45.32 1 3
github.com/FalcoSuessgott/mkdgo/pkg/parser/parser.go:48.40,50.2 1 3
github.com/FalcoSuessgott/mkdgo/pkg/template/template.go:15.44,17.17 2 1
github.com/FalcoSuessgott/mkdgo/pkg/template/template.go:17.17,19.4 1 0
github.com/FalcoSuessgott/mkdgo/pkg/template/template.go:21.3,22.17 2 1
github.com/FalcoSuessgott/mkdgo/pkg/template/template.go:22.17,24.4 1 0
github.com/FalcoSuessgott/mkdgo/pkg/template/template.go:26.3,26.24 1 1
github.com/FalcoSuessgott/mkdgo/pkg/template/template.go:28.47,32.17 3 1
github.com/FalcoSuessgott/mkdgo/pkg/template/template.go:32.17,34.4 1 0
github.com/FalcoSuessgott/mkdgo/pkg/template/template.go:36.3,36.26 1 1
github.com/FalcoSuessgott/mkdgo/pkg/template/template.go:38.48,40.3 1 1
github.com/FalcoSuessgott/mkdgo/pkg/template/template.go:44.51,51.16 3 3
github.com/FalcoSuessgott/mkdgo/pkg/template/template.go:51.16,53.3 1 0
github.com/FalcoSuessgott/mkdgo/pkg/template/template.go:55.2,55.47 1 3
github.com/FalcoSuessgott/mkdgo/pkg/template/template.go:55.47,57.3 1 0
github.com/FalcoSuessgott/mkdgo/pkg/template/template.go:59.2,59.17 1 3
